<?xml version="1.0" encoding="UTF-8"?>
<testsuite xmlns:xsi="http://www.w3.org/2001/XMLSchema-instance" xsi:noNamespaceSchemaLocation="https://maven.apache.org/surefire/maven-surefire-plugin/xsd/surefire-test-report-3.0.xsd" version="3.0" name="appointment.demo.AppointmentServicetTest" time="0.436" tests="6" errors="0" skipped="0" failures="0">
  <properties>
[...]
</properties>
  <testcase name="addAppointmentTest" classname="appointment.demo.AppointmentServicetTest" time="0.213"/>
  <testcase name="addAppointmentTest2" classname="appointment.demo.AppointmentServicetTest" time="0.019"/>
  <testcase name="getAppointmentByIdTest" classname="appointment.demo.AppointmentServicetTest" time="0.008"/>
  <testcase name="deleteAppointmentByIdTest2" classname="appointment.demo.AppointmentServicetTest" time="0.011"/>
  <testcase name="getAllAppointmentTest" classname="appointment.demo.AppointmentServicetTest" time="0.005"/>
  <testcase name="updateAppointmentByIdTest" classname="appointment.demo.AppointmentServicetTest" time="0.006"/>
</testsuite>